<?xml version="1.0" encoding="utf-8"?>
<?verification commit=7f7cab653d1c791aba426a68327e3bbdb577d741 command=uv run pytest -m "not external" --junitxml=artifacts/verification/test-results.xml utc=2026-09-22T23:18:27.623019+00:00?>
<testsuites name="pytest tests"><testsuite name="pytest" errors="0" failures="0" skipped="0" tests="228" time="253.622" timestamp="2026-09-23T05:13:14.339991+06:00" hostname="DESKTOP-GM96QK5"><properties>
[...]
</properties><testcase classname="trading-platform.tests.integration.test_phase4" name="test_hypothesis" time="0.004" /><testcase classname="trading-platform.tests.integration.test_phase4" name="test_position_limit" time="0.002" /><testcase classname="trading-platform.tests.integration.test_phase4" name="test_buying_power" time="0.003" /><testcase classname="trading-platform.tests.integration.test_phase4" name="test_experiment_record" time="1.958" /><testcase classname="trading-platform.tests.integration.test_phase4" name="test_metrics" time="0.005" /><testcase classname="trading-platform.tests.integration.test_phase4" name="test_concentration" time="0.003" /><testcase classname="trading-platform.tests.integration.test_phase6_integration" name="test_oms_state_machine_lifecycle" time="0.058" /><testcase classname="trading-platform.tests.integration.test_phase6_integration" name="test_oms_idempotency" time="0.010" /><testcase classname="trading-platform.tests.integration.test_phase6_integration" name="test_oca_group" time="0.005" /><testcase classname="trading-platform.tests.integration.test_phase6_integration" name="test_hard_risk_engine" time="0.004" /><testcase classname="trading-platform.tests.integration.test_phase6_integration" name="test_reconciliation_engine" time="0.007" /><testcase classname="trading-platform.tests.integration.test_phase6_integration" name="test_session_scheduler" time="0.004" /><testcase classname="trading-platform.tests.integration.test_phase6_integration" name="test_broker_contract" time="0.003" /><testcase classname="trading-platform.tests.integration.test_postgres_store" name="test_postgres_migration_idempotency_and_recovery" time="9.033" /><testcase classname="trading-platform.tests.integration.test_postgres_store" name="test_shadow_decision_roundtrip_idempotency_and_validation" time="1.779" /><testcase classname="trading-platform.tests.integration.test_walk_forward_periods" name="test_period_split_creation" time="0.002" /><testcase classname="trading-platform.tests.integration.test_walk_forward_periods" name="test_walk_forward_folds" time="0.002" /><testcase classname="trading-platform.tests.integration.test_walk_forward_periods" name="test_get_test_period" time="0.002" /><testcase classname="trading-platform.tests.integration.test_walk_forward_periods" name="test_split_rejects_data_too_short" time="0.002" /><testcase classname="trading-platform.tests.integration.test_walk_forward_periods" name="test_hypothesis" time="0.002" /><testcase classname="trading-platform.tests.integration.test_walk_forward_periods" name="test_dataset_hash" time="0.002" /><testcase classname="trading-platform.tests.unit.domain.test_domain" name="test_invalid_nan_price_rejection" time="0.004" /><testcase classname="trading-platform.tests.unit.domain.test_domain" name="test_invalid_negative_quantity_rejection" time="0.002" /><testcase classname="trading-platform.tests.unit.domain.test_domain" name="test_invalid_zero_quantity_rejection" time="0.003" /><testcase classname="trading-platform.tests.unit.domain.test_domain" name="test_illegal_order_transition_rejection" time="0.002" /><testcase classname="trading-platform.tests.unit.domain.test_domain" name="test_environment_credential_mismatch_rejection" time="0.003" /><testcase classname="trading-platform.tests.unit.domain.test_domain" name="test_duplicate_event_idempotency" time="0.004" /><testcase classname="trading-platform.tests.unit.domain.test_domain" name="test_deterministic_id_time_replay" time="0.002" /><testcase classname="trading-platform.tests.unit.domain.test_domain" name="test_secret_redaction" time="0.039" /><testcase classname="trading-platform.tests.unit.domain.test_domain" name="test_portfolio_snapshot_immutability" time="0.003" /><testcase classname="trading-platform.tests.unit.domain.test_domain" name="test_risk_decision_approval" time="0.007" /><testcase classname="trading-platform.tests.unit.domain.test_domain" name="test_order_lifecycle_transitions" time="0.004" /><testcase classname="trading-platform.tests.unit.domain.test_domain" name="test_bar_timestamp_utc" time="0.002" /><testcase classname="trading-platform.tests.unit.domain.test_domain" name="test_corporate_action_split" time="0.004" /><testcase classname="trading-platform.tests.unit.domain.test_domain" name="test_corporate_action_dividend" time="0.003" /><testcase classname="trading-platform.tests.unit.domain.test_domain" name="test_corporate_action_validation_rejects_invalid_economics" time="0.004" /><testcase classname="trading-platform.tests.unit.domain.test_domain" name="test_order_with_risk_decision" time="0.003" /><testcase classname="trading-platform.tests.unit.domain.test_domain" name="test_broker_snapshot_fields" time="0.002" /><testcase classname="trading-platform.tests.unit.domain.test_domain" name="test_reconciliation_result" time="0.002" /><testcase classname="trading-platform.tests.unit.domain.test_domain" name="test_journal_event_required_fields" time="0.003" /><testcase classname="trading-platform.tests.unit.simulator.test_simulator" name="test_simulator_basic_buy" time="0.005" /><testcase classname="trading-platform.tests.unit.simulator.test_simulator" name="test_simulator_sell_existing_position" time="0.006" /><testcase classname="trading-platform.tests.unit.simulator.test_simulator" name="test_simulator_partial_fill" time="0.004" /><testcase classname="trading-platform.tests.unit.simulator.test_simulator" name="test_simulator_insufficient_cash" time="0.003" /><testcase classname="trading-platform.tests.unit.simulator.test_simulator" name="test_simulator_deterministic_replay" time="0.003" /><testcase classname="trading-platform.tests.unit.simulator.test_simulator" name="test_simulation_result_metrics" time="0.003" /><testcase classname="trading-platform.tests.unit.test_broker_adapter_paper" name="test_two_flag_gate_blocks_submission_without_both_flags" time="0.050" /><testcase classname="trading-platform.tests.unit.test_broker_adapter_paper" name="test_live_ports_rejected_in_adapter" time="0.004" /><testcase classname="trading-platform.tests.unit.test_broker_adapter_paper" name="test_live_account_configurations_rejected_in_adapter" time="0.003" /><testcase classname="trading-platform.tests.unit.test_broker_adapter_paper" name="test_paper_targets_accepted" time="0.002" /><testcase classname="trading-platform.tests.unit.test_broker_adapter_paper" name="test_connect_lifecycle_with_mocked_client" time="0.003" /><testcase classname="trading-platform.tests.unit.test_broker_adapter_paper" name="test_connect_failure_records_error" time="0.002" /><testcase classname="trading-platform.tests.unit.test_broker_adapter_paper" name="test_missing_ib_async_library_surfaces_error" time="0.002" /><testcase classname="trading-platform.tests.unit.test_broker_adapter_paper" name="test_connected_property_is_read_only" time="0.002" /><testcase classname="trading-platform.tests.unit.test_broker_adapter_paper" name="test_next_valid_order_id_tracking" time="0.004" /><testcase classname="trading-platform.tests.unit.test_broker_adapter_paper" name="test_submission_result_and_acknowledgement" time="0.005" /><testcase classname="trading-platform.tests.unit.test_broker_adapter_paper" name="test_status_update_mapping" time="0.004" /><testcase classname="trading-platform.tests.unit.test_broker_adapter_paper" name="test_cancellation_flow" time="0.005" /><testcase classname="trading-platform.tests.unit.test_broker_adapter_paper" name="test_replacement_modifies_existing_ib_order" time="0.005" /><testcase classname="trading-platform.tests.unit.test_broker_adapter_paper" name="test_partial_fills_and_commissions" time="0.007" /><testcase classname="trading-platform.tests.unit.test_broker_adapter_paper" name="test_completed_orders_from_client_and_ledger" time="0.004" /><testcase classname="trading-platform.tests.unit.test_broker_adapter_paper" name="test_rejection_via_error_event" time="0.003" /><testcase classname="trading-platform.tests.unit.test_broker_adapter_paper" name="test_bracket_order_parent_child_and_oca" time="0.004" /><testcase classname="trading-platform.tests.unit.test_broker_adapter_paper" name="test_account_snapshot_positions_and_order_retrieval" time="0.004" /><testcase classname="trading-platform.tests.unit.test_broker_adapter_paper" name="test_offline_ledger_fallback_and_disconnected_retrieval" time="0.003" /><testcase classname="trading-platform.tests.unit.test_broker_adapter_paper" name="test_reconnect_recovery_preserves_ledger" time="0.004" /><testcase classname="trading-platform.tests.unit.test_broker_adapter_paper" name="test_adapter_ledger_is_independent_from_oms_state" time="0.003" /><testcase classname="trading-platform.tests.unit.test_broker_adapter_paper" name="test_no_module_level_ib_async_import" time="3.003" /><testcase classname="trading-platform.tests.unit.test_domain_properties" name="test_property_any_positive_ohlc_constructs_valid_bar" time="0.759" /><testcase classname="trading-platform.tests.unit.test_domain_properties" name="test_property_non_positive_signal_quantity_rejected" time="0.416" /><testcase classname="trading-platform.tests.unit.test_domain_properties" name="test_property_negative_bar_volume_rejected" time="0.383" /><testcase classname="trading-platform.tests.unit.test_domain_properties" name="test_property_naive_timestamps_rejected" time="0.470" /><testcase classname="trading-platform.tests.unit.test_domain_properties" name="test_property_duplicate_event_ids_yield_equal_checksums" time="0.567" /><testcase classname="trading-platform.tests.unit.test_domain_properties" name="test_property_journal_event_frozen_immutability" time="0.348" /><testcase classname="trading-platform.tests.unit.test_domain_properties" name="test_property_instrument_symbol_normalization_and_freeze" time="0.436" /><testcase classname="trading-platform.tests.unit.test_domain_properties" name="test_property_secret_redaction_masks_sensitive_values" time="0.391" /><testcase classname="trading-platform.tests.unit.test_domain_properties" name="test_property_parquet_roundtrip_preserves_bars" time="6.155" /><testcase classname="trading-platform.tests.unit.test_domain_properties" name="test_property_parquet_asof_never_leaks_future_bars" time="8.397" /><testcase classname="trading-platform.tests.unit.test_domain_properties" name="test_fake_market_data_provider_deterministic_asof_and_duplicate_rejection" time="0.004" /><testcase classname="trading-platform.tests.unit.test_migrations_and_imports" name="test_core_migration_has_append_only_and_idempotency_constraints" time="0.004" /><testcase classname="trading-platform.tests.unit.test_migrations_and_imports" name="test_shadow_decisions_migration_declares_replay_columns" time="0.005" /><testcase classname="trading-platform.tests.unit.test_migrations_and_imports" name="test_shadow_decision_validation_fails_closed_before_database_access" time="0.010" /><testcase classname="trading-platform.tests.unit.test_migrations_and_imports" name="test_backup_checksum_detects_tampering" time="0.167" /><testcase classname="trading-platform.tests.unit.test_migrations_and_imports" name="test_backup_encryption_authenticates_restore" time="0.702" /><testcase classname="trading-platform.tests.unit.test_migrations_and_imports" name="test_dependency_probe_fails_closed_on_exception" time="0.003" /><testcase classname="trading-platform.tests.unit.test_ml_pipeline_ranking" name="test_chronological_split_isolation" time="0.008" /><testcase classname="trading-platform.tests.unit.test_ml_pipeline_ranking" name="test_feature_provenance_required_for_every_feature" time="0.002" /><testcase classname="trading-platform.tests.unit.test_ml_pipeline_ranking" name="test_feature_available_after_decision_rejected" time="0.002" /><testcase classname="trading-platform.tests.unit.test_ml_pipeline_ranking" name="test_trainable_ranker_is_deterministic_and_trained" time="0.062" /><testcase classname="trading-platform.tests.unit.test_ml_pipeline_ranking" name="test_model_artifact_records_all_provenance_hashes" time="0.015" /><testcase classname="trading-platform.tests.unit.test_ml_pipeline_ranking" name="test_deterministic_fallback_is_labeled_and_deterministic" time="0.007" /><testcase classname="trading-platform.tests.unit.test_ml_pipeline_ranking" name="test_promotion_requires_two_independent_conditions" time="0.005" /><testcase classname="trading-platform.tests.unit.test_ml_pipeline_ranking" name="test_promotion_rejects_historical_llm_evidence" time="0.004" /><testcase classname="trading-platform.tests.unit.test_ml_pipeline_ranking" name="test_promote_unknown_candidate_raises" time="0.002" /><testcase classname="trading-platform.tests.unit.test_ml_pipeline_ranking" name="test_real_feature_leakage_check" time="0.007" /><testcase classname="trading-platform.tests.unit.test_ml_pipeline_ranking" name="test_llm_rejects_malformed_json_nan_infinity_and_unknown_symbol" time="0.003" /><testcase classname="trading-platform.tests.unit.test_ml_pipeline_ranking" name="test_llm_rejects_stale_and_future_content" time="0.003" /><testcase classname="trading-platform.tests.unit.test_ml_pipeline_ranking" name="test_llm_rejects_contradictory_output" time="0.003" /><testcase classname="trading-platform.tests.unit.test_ml_pipeline_ranking" name="test_llm_rejects_prompt_injection_patterns_and_phrasing" time="0.002" /><testcase classname="trading-platform.tests.unit.test_ml_pipeline_ranking" name="test_llm_rejects_validator_timeout_and_upstream_failure" time="0.102" /><testcase classname="trading-platform.tests.unit.test_ml_pipeline_ranking" name="test_forward_test_recorder_records_without_claiming_results" time="0.003" /><testcase classname="trading-platform.tests.unit.test_ml_pipeline_ranking" name="test_ai_boundary_has_no_broker_imports_or_submission_methods" time="0.006" /><testcase classname="trading-platform.tests.unit.test_monitoring_recovery" name="test_real_db_probe_fail_closed" time="0.005" /><testcase classname="trading-platform.tests.unit.test_monitoring_recovery" name="test_storage_probe_real_and_fail_closed" time="0.009" /><testcase classname="trading-platform.tests.unit.test_monitoring_recovery" name="test_journal_lag_from_real_source" time="0.002" /><testcase classname="trading-platform.tests.unit.test_monitoring_recovery" name="test_default_alert_channels_are_independent" time="0.139" /><testcase classname="trading-platform.tests.unit.test_monitoring_recovery" name="test_independent_file_channels_and_severity" time="0.615" /><testcase classname="trading-platform.tests.unit.test_monitoring_recovery" name="test_telegram_channel_config_and_send" time="0.010" /><testcase classname="trading-platform.tests.unit.test_monitoring_recovery" name="test_chaos_disk_pressure_real_branch" time="0.003" /><testcase classname="trading-platform.tests.unit.test_monitoring_recovery" name="test_chaos_clock_skew_on_monitor_freshness" time="0.003" /><testcase classname="trading-platform.tests.unit.test_monitoring_recovery" name="test_chaos_clock_skew_on_shadow_freshness" time="0.033" /><testcase classname="trading-platform.tests.unit.test_monitoring_recovery" name="test_chaos_duplicate_events_against_shadow_run" time="1.435" /><testcase classname="trading-platform.tests.unit.test_monitoring_recovery" name="test_chaos_network_loss_fails_alerts_loudly" time="0.002" /><testcase classname="trading-platform.tests.unit.test_monitoring_recovery" name="test_chaos_restart_leaves_archive_replayable" time="0.417" /><testcase classname="trading-platform.tests.unit.test_monitoring_recovery" name="test_deadman_alert_transport_wired" time="0.004" /><testcase classname="trading-platform.tests.unit.test_monitoring_recovery" name="test_backup_restore_round_trip_rebuilds_same_state" time="0.371" /><testcase classname="trading-platform.tests.unit.test_monitoring_recovery" name="test_restore_fails_closed_on_tampered_or_mismatched_archive" time="1.574" /><testcase classname="trading-platform.tests.unit.test_oms_reconciliation" name="test_duplicate_submission_is_rejected_while_order_pending" time="0.004" /><testcase classname="trading-platform.tests.unit.test_oms_reconciliation" name="test_fill_events_carry_derived_fees_and_average_price" time="0.003" /><testcase classname="trading-platform.tests.unit.test_oms_reconciliation" name="test_fake_broker_execution_records_fees_in_ledger" time="0.003" /><testcase classname="trading-platform.tests.unit.test_oms_reconciliation" name="test_duplicate_fill_is_deduped_by_execution_id" time="0.022" /><testcase classname="trading-platform.tests.unit.test_oms_reconciliation" name="test_late_fill_after_cancellation_is_recorded_not_dropped" time="0.003" /><testcase classname="trading-platform.tests.unit.test_oms_reconciliation" name="test_overfill_is_rejected_and_recorded" time="0.003" /><testcase classname="trading-platform.tests.unit.test_oms_reconciliation" name="test_replace_order_is_compensated_on_midway_failure" time="0.095" /><testcase classname="trading-platform.tests.unit.test_oms_reconciliation" name="test_replace_order_rejects_colliding_replacement_id_without_cancel" time="0.003" /><testcase classname="trading-platform.tests.unit.test_oms_reconciliation" name="test_rebuild_from_ledger_restores_state_and_dedup" time="0.004" /><testcase classname="trading-platform.tests.unit.test_oms_reconciliation" name="test_reconcile_cash_derives_fees_from_durable_ledger" time="0.003" /><testcase classname="trading-platform.tests.unit.test_oms_reconciliation" name="test_internal_snapshot_matches_independent_broker_snapshot" time="0.003" /><testcase classname="trading-platform.tests.unit.test_oms_reconciliation" name="test_fail_closed_chain_wires_incident_alert_and_resolution" time="0.004" /><testcase classname="trading-platform.tests.unit.test_oms_reconciliation" name="test_incident_sink_failure_keeps_new_orders_blocked" time="0.011" /><testcase classname="trading-platform.tests.unit.test_oms_reconciliation" name="test_startup_uses_real_durable_inputs_and_fails_closed" time="0.003" /><testcase classname="trading-platform.tests.unit.test_oms_reconciliation" name="test_startup_cash_mismatch_halts_trading" time="0.004" /><testcase classname="trading-platform.tests.unit.test_oms_reconciliation" name="test_on_reconnect_reconciles_against_fresh_broker_snapshot" time="0.003" /><testcase classname="trading-platform.tests.unit.test_oms_reconciliation" name="test_fill_triggered_reconciliation_runs_on_oms_callback" time="0.003" /><testcase classname="trading-platform.tests.unit.test_oms_reconciliation" name="test_periodic_and_session_end_hooks_reconcile" time="0.004" /><testcase classname="trading-platform.tests.unit.test_oms_reconciliation" name="test_oms_protective_order_invariant_and_risk_check" time="0.004" /><testcase classname="trading-platform.tests.unit.test_oms_reconciliation" name="test_risk_engine_with_reconciliation_blocks_orders" time="0.003" /><testcase classname="trading-platform.tests.unit.test_oms_reconciliation" name="test_oms_edge_paths_covered" time="0.004" /><testcase classname="trading-platform.tests.unit.test_oms_reconciliation" name="test_fill_rejected_directly_from_submitted_state" time="0.003" /><testcase classname="trading-platform.tests.unit.test_oms_reconciliation" name="test_oca_group_cascade_cancels_members" time="0.003" /><testcase classname="trading-platform.tests.unit.test_oms_reconciliation" name="test_replace_commits_without_group_when_group_missing" time="0.003" /><testcase classname="trading-platform.tests.unit.test_oms_reconciliation" name="test_protective_link_rejects_buy_side_order" time="0.002" /><testcase classname="trading-platform.tests.unit.test_oms_reconciliation" name="test_replay_covers_cancel_replacement_and_protective_events" time="0.003" /><testcase classname="trading-platform.tests.unit.test_oms_reconciliation" name="test_fake_broker_next_open_requires_open_price" time="0.002" /><testcase classname="trading-platform.tests.unit.test_oms_reconciliation" name="test_postgres_incident_sink_bridges_sync_and_async" time="0.098" /><testcase classname="trading-platform.tests.unit.test_oms_reconciliation" name="test_fail_closed_chain_alert_failure_and_empty_resolution" time="0.095" /><testcase classname="trading-platform.tests.unit.test_operational_depth" name="test_data_validation_and_ingestion" time="0.827" /><testcase classname="trading-platform.tests.unit.test_operational_depth" name="test_risk_limits_and_hard_controls" time="0.007" /><testcase classname="trading-platform.tests.unit.test_operational_depth" name="test_risk_policy_checkpoint_security_and_liquidation_gate" time="0.003" /><testcase classname="trading-platform.tests.unit.test_operational_depth" name="test_risk_rejection_paths_and_full_reconciliation_state" time="0.005" /><testcase classname="trading-platform.tests.unit.test_operational_depth" name="test_oms_lifecycle_fake_broker_and_oca" time="0.009" /><testcase classname="trading-platform.tests.unit.test_operational_depth" name="test_oms_negative_paths_replacement_timeout_and_price_modes" time="0.003" /><testcase classname="trading-platform.tests.unit.test_operational_depth" name="test_broker_boundaries_are_separate_and_fail_closed" time="0.003" /><testcase classname="trading-platform.tests.unit.test_operational_depth" name="test_reconciliation_scheduler_and_monitor" time="0.007" /><testcase classname="trading-platform.tests.unit.test_operational_depth" name="test_chaos_heartbeat_runbook_and_alert_channels" time="0.004" /><testcase classname="trading-platform.tests.unit.test_operational_depth" name="test_independent_alert_transports_and_dead_man" time="0.555" /><testcase classname="trading-platform.tests.unit.test_operational_depth" name="test_ml_candidate_and_strict_llm_boundary" time="0.010" /><testcase classname="trading-platform.tests.unit.test_operational_depth" name="test_deterministic_ml_pipeline_is_point_in_time_and_registered" time="0.009" /><testcase classname="trading-platform.tests.unit.test_operational_depth" name="test_strategy_metrics_and_walk_forward_split" time="0.004" /><testcase classname="trading-platform.tests.unit.test_operational_depth" name="test_baseline_report_and_walk_forward_execution" time="0.015" /><testcase classname="trading-platform.tests.unit.test_operational_depth" name="test_shadow_operator_never_creates_a_fill" time="0.004" /><testcase classname="trading-platform.tests.unit.test_research_robustness" name="test_generate_signal_as_of_excludes_future_bars" time="0.005" /><testcase classname="trading-platform.tests.unit.test_research_robustness" name="test_generate_signal_uses_completed_decision_date_bar" time="0.002" /><testcase classname="trading-platform.tests.unit.test_research_robustness" name="test_generate_signal_exit_on_downtrend_and_holding_window" time="0.003" /><testcase classname="trading-platform.tests.unit.test_research_robustness" name="test_generate_signal_never_shorts" time="0.003" /><testcase classname="trading-platform.tests.unit.test_research_robustness" name="test_chronological_isolation_train_never_sees_val_test" time="0.054" /><testcase classname="trading-platform.tests.unit.test_research_robustness" name="test_fold_determinism_is_verified_by_rerun" time="0.093" /><testcase classname="trading-platform.tests.unit.test_research_robustness" name="test_walk_forward_fold_over_real_synthetic_data" time="0.114" /><testcase classname="trading-platform.tests.unit.test_research_robustness" name="test_parameter_stability_analysis_reports_dispersion" time="0.074" /><testcase classname="trading-platform.tests.unit.test_research_robustness" name="test_cost_sensitivity_analysis_reports_deltas" time="0.250" /><testcase classname="trading-platform.tests.unit.test_research_robustness" name="test_bootstrap_drawdown_is_trade_level_and_seed_reproducible" time="0.016" /><testcase classname="trading-platform.tests.unit.test_research_robustness" name="test_bootstrap_requires_fold_results" time="0.008" /><testcase classname="trading-platform.tests.unit.test_research_robustness" name="test_validate_provenance_hash_rejects_placeholders_and_truncation" time="0.004" /><testcase classname="trading-platform.tests.unit.test_research_robustness" name="test_compute_code_hash_is_a_real_git_sha" time="2.084" /><testcase classname="trading-platform.tests.unit.test_research_robustness" name="test_compute_code_hash_env_fallback_is_validated" time="0.003" /><testcase classname="trading-platform.tests.unit.test_research_robustness" name="test_compute_dependency_lock_hash_is_sha256_of_lock_bytes" time="0.008" /><testcase classname="trading-platform.tests.unit.test_research_robustness" name="test_compute_policy_hash_is_deterministic" time="0.002" /><testcase classname="trading-platform.tests.unit.test_research_robustness" name="test_registry_rejects_malformed_records" time="0.434" /><testcase classname="trading-platform.tests.unit.test_research_robustness" name="test_registry_accepts_valid_records_and_reports_them" time="1.119" /><testcase classname="trading-platform.tests.unit.test_research_robustness" name="test_experiments_root_is_platform_appropriate" time="0.003" /><testcase classname="trading-platform.tests.unit.test_research_robustness" name="test_experiments_root_env_override" time="0.009" /><testcase classname="trading-platform.tests.unit.test_research_robustness" name="test_compute_turnover_with_equity_base" time="0.003" /><testcase classname="trading-platform.tests.unit.test_risk_properties" name="test_check_order_never_breaches_cash_limit" time="0.667" /><testcase classname="trading-platform.tests.unit.test_risk_properties" name="test_sector_check_exception_blocks_order" time="0.003" /><testcase classname="trading-platform.tests.unit.test_risk_properties" name="test_proposed_order_notional_counts_against_gross_exposure" time="0.002" /><testcase classname="trading-platform.tests.unit.test_risk_properties" name="test_unheld_sell_is_rejected_as_a_short" time="0.002" /><testcase classname="trading-platform.tests.unit.test_risk_properties" name="test_cash_reserve_uses_projected_post_order_cash" time="0.003" /><testcase classname="trading-platform.tests.unit.test_risk_properties" name="test_check_order_never_breaches_gross_exposure" time="0.592" /><testcase classname="trading-platform.tests.unit.test_risk_properties" name="test_check_order_never_exceeds_max_three_positions" time="0.028" /><testcase classname="trading-platform.tests.unit.test_risk_properties" name="test_drawdown_limit_never_exceeded" time="0.596" /><testcase classname="trading-platform.tests.unit.test_risk_properties" name="test_hard_risk_order_gate_rejects_drawdown_breaches" time="0.450" /><testcase classname="trading-platform.tests.unit.test_risk_properties" name="test_hard_risk_order_gate_rejects_daily_loss_breaches" time="0.375" /><testcase classname="trading-platform.tests.unit.test_risk_properties" name="test_check_order_never_breaches_cash_reserve" time="0.667" /><testcase classname="trading-platform.tests.unit.test_risk_properties" name="test_reconcile_positions_report_matches_actual_differences" time="0.943" /><testcase classname="trading-platform.tests.unit.test_risk_properties" name="test_portfolio_risk_limits_edge_paths" time="0.002" /><testcase classname="trading-platform.tests.unit.test_risk_properties" name="test_sector_concentration_branches" time="0.003" /><testcase classname="trading-platform.tests.unit.test_risk_properties" name="test_reconciliation_never_passes_with_a_real_mismatch" time="1.172" /><testcase classname="trading-platform.tests.unit.test_risk_properties" name="test_buying_power_rejects_when_cost_exceeds_cash[1-100.0-100.0]" time="0.003" /><testcase classname="trading-platform.tests.unit.test_risk_properties" name="test_buying_power_rejects_when_cost_exceeds_cash[3-33.34-100.0]" time="0.004" /><testcase classname="trading-platform.tests.unit.test_risk_properties" name="test_buying_power_rejects_when_cost_exceeds_cash[10-0.01-0.11]" time="0.004" /><testcase classname="trading-platform.tests.unit.test_safety_boundaries" name="test_live_authorization_is_permanently_disabled" time="0.002" /><testcase classname="trading-platform.tests.unit.test_safety_boundaries" name="test_reconciliation_mismatch_blocks_new_orders" time="0.002" /><testcase classname="trading-platform.tests.unit.test_safety_boundaries" name="test_shadow_records_without_submission_path" time="0.002" /><testcase classname="trading-platform.tests.unit.test_safety_boundaries" name="test_untrusted_feature_fails_closed[not-json]" time="0.004" /><testcase classname="trading-platform.tests.unit.test_safety_boundaries" name="test_untrusted_feature_fails_closed[{&quot;symbol&quot;:&quot;AAPL&quot;}]" time="0.008" /><testcase classname="trading-platform.tests.unit.test_safety_boundaries" name="test_untrusted_feature_fails_closed[{&quot;symbol&quot;:&quot;MSFT&quot;,&quot;sentiment&quot;:0,&quot;confidence&quot;:2,&quot;observed_at&quot;:&quot;x&quot;}]" time="0.005" /><testcase classname="trading-platform.tests.unit.test_safety_boundaries" name="test_feature_nan_and_injection_fail_closed[{&quot;symbol&quot;:&quot;AAPL&quot;,&quot;sentiment&quot;:NaN,&quot;confidence&quot;:0.5,&quot;observed_at&quot;:&quot;x&quot;}]" time="0.003" /><testcase classname="trading-platform.tests.unit.test_safety_boundaries" name="test_feature_nan_and_injection_fail_closed[{&quot;symbol&quot;:&quot;AAPL&quot;,&quot;sentiment&quot;:0,&quot;confidence&quot;:Infinity,&quot;observed_at&quot;:&quot;x&quot;}]" time="0.003" /><testcase classname="trading-platform.tests.unit.test_safety_boundaries" name="test_feature_nan_and_injection_fail_closed[{&quot;symbol&quot;:&quot;AAPL&quot;,&quot;sentiment&quot;:0,&quot;confidence&quot;:0.5,&quot;observed_at&quot;:&quot;ignore previous&quot;}]" time="0.003" /><testcase classname="trading-platform.tests.unit.test_safety_boundaries" name="test_default_config_cannot_authorize_live" time="0.003" /><testcase classname="trading-platform.tests.unit.test_shadow_operation" name="test_completed_bar_consumption_and_archival" time="0.033" /><testcase classname="trading-platform.tests.unit.test_shadow_operation" name="test_risk_gated_would_submit" time="0.057" /><testcase classname="trading-platform.tests.unit.test_shadow_operation" name="test_strategy_none_produces_no_decision_but_archives_input" time="0.023" /><testcase classname="trading-platform.tests.unit.test_shadow_operation" name="test_structural_submission_impossibility" time="0.009" /><testcase classname="trading-platform.tests.unit.test_shadow_operation" name="test_db_sink_protocol_consumption_and_hostile_broker" time="0.047" /><testcase classname="trading-platform.tests.unit.test_shadow_operation" name="test_stale_data_blocks_decisions" time="0.049" /><testcase classname="trading-platform.tests.unit.test_shadow_operation" name="test_missing_data_blocks_decisions" time="0.125" /><testcase classname="trading-platform.tests.unit.test_shadow_operation" name="test_duplicate_data_detection" time="0.027" /><testcase classname="trading-platform.tests.unit.test_shadow_operation" name="test_duplicate_reconsumption_across_runs" time="0.059" /><testcase classname="trading-platform.tests.unit.test_shadow_operation" name="test_revised_data_detection" time="0.092" /><testcase classname="trading-platform.tests.unit.test_shadow_operation" name="test_invalid_bar_is_detected_and_skipped" time="0.022" /><testcase classname="trading-platform.tests.unit.test_shadow_operation" name="test_replay_matches_archived_decisions" time="0.086" /><testcase classname="trading-platform.tests.unit.test_shadow_operation" name="test_replay_mismatch_persisted_and_escalated" time="0.041" /><testcase classname="trading-platform.tests.unit.test_shadow_operation" name="test_replay_is_deterministic_across_fresh_orchestrators" time="0.036" /><testcase classname="trading-platform.tests.unit.test_shadow_operation" name="test_provider_unavailable_is_recorded_and_blocks" time="0.013" /><testcase classname="trading-platform.tests.unit.test_shadow_operation" name="test_chaos_duplicate_events_detected_in_shadow" time="0.372" /><testcase classname="trading-platform.tests.unit.test_simulator_safety" name="test_completed_close_signal_fills_only_at_next_open" time="0.004" /><testcase classname="trading-platform.tests.unit.test_simulator_safety" name="test_limit_and_stop_orders_require_bar_eligibility" time="0.004" /></testsuite></testsuites>