<?xml version="1.0" encoding="utf-8"?><testsuites name="pytest tests"><testsuite name="pytest" errors="0" failures="0" skipped="0" tests="77" time="8.200" timestamp="2026-09-16T23:38:34.348682+06:00" hostname="DESKTOP-GM96QK5"><testcase classname="trading-platform.tests.integration.test_phase4" name="test_hypothesis" time="0.006" /><testcase classname="trading-platform.tests.integration.test_phase4" name="test_position_limit" time="0.001" /><testcase classname="trading-platform.tests.integration.test_phase4" name="test_buying_power" time="0.001" /><testcase classname="trading-platform.tests.integration.test_phase4" name="test_experiment_record" time="0.084" /><testcase classname="trading-platform.tests.integration.test_phase4" name="test_metrics" time="0.002" /><testcase classname="trading-platform.tests.integration.test_phase4" name="test_concentration" time="0.001" /><testcase classname="trading-platform.tests.integration.test_phase6_integration" name="test_oms_state_machine_lifecycle" time="0.001" /><testcase classname="trading-platform.tests.integration.test_phase6_integration" name="test_oms_idempotency" time="0.003" /><testcase classname="trading-platform.tests.integration.test_phase6_integration" name="test_oca_group" time="0.002" /><testcase classname="trading-platform.tests.integration.test_phase6_integration" name="test_hard_risk_engine" time="0.001" /><testcase classname="trading-platform.tests.integration.test_phase6_integration" name="test_reconciliation_engine" time="0.001" /><testcase classname="trading-platform.tests.integration.test_phase6_integration" name="test_session_scheduler" time="0.001" /><testcase classname="trading-platform.tests.integration.test_phase6_integration" name="test_broker_contract" time="0.001" /><testcase classname="trading-platform.tests.integration.test_postgres_store" name="test_postgres_migration_idempotency_and_recovery" time="0.570" /><testcase classname="trading-platform.tests.integration.test_walk_forward_periods" name="test_period_split_creation" time="0.004" /><testcase classname="trading-platform.tests.integration.test_walk_forward_periods" name="test_walk_forward_folds" time="0.002" /><testcase classname="trading-platform.tests.integration.test_walk_forward_periods" name="test_get_test_period" time="0.001" /><testcase classname="trading-platform.tests.integration.test_walk_forward_periods" name="test_hypothesis" time="0.002" /><testcase classname="trading-platform.tests.integration.test_walk_forward_periods" name="test_dataset_hash" time="0.002" /><testcase classname="trading-platform.tests.integration.test_walk_forward_periods_retried" name="test_period_split_creation" time="0.001" /><testcase classname="trading-platform.tests.integration.test_walk_forward_periods_retried" name="test_walk_forward_folds" time="0.002" /><testcase classname="trading-platform.tests.integration.test_walk_forward_periods_retried" name="test_get_test_period" time="0.001" /><testcase classname="trading-platform.tests.integration.test_walk_forward_periods_retried" name="test_hypothesis" time="0.001" /><testcase classname="trading-platform.tests.integration.test_walk_forward_periods_retried" name="test_dataset_hash" time="0.004" /><testcase classname="trading-platform.tests.unit.domain.test_domain" name="test_invalid_nan_price_rejection" time="0.002" /><testcase classname="trading-platform.tests.unit.domain.test_domain" name="test_invalid_negative_quantity_rejection" time="0.001" /><testcase classname="trading-platform.tests.unit.domain.test_domain" name="test_invalid_zero_quantity_rejection" time="0.001" /><testcase classname="trading-platform.tests.unit.domain.test_domain" name="test_illegal_order_transition_rejection" time="0.001" /><testcase classname="trading-platform.tests.unit.domain.test_domain" name="test_environment_credential_mismatch_rejection" time="0.003" /><testcase classname="trading-platform.tests.unit.domain.test_domain" name="test_duplicate_event_idempotency" time="0.002" /><testcase classname="trading-platform.tests.unit.domain.test_domain" name="test_deterministic_id_time_replay" time="0.001" /><testcase classname="trading-platform.tests.unit.domain.test_domain" name="test_secret_redaction" time="0.001" /><testcase classname="trading-platform.tests.unit.domain.test_domain" name="test_portfolio_snapshot_immutability" time="0.001" /><testcase classname="trading-platform.tests.unit.domain.test_domain" name="test_risk_decision_approval" time="0.002" /><testcase classname="trading-platform.tests.unit.domain.test_domain" name="test_order_lifecycle_transitions" time="0.005" /><testcase classname="trading-platform.tests.unit.domain.test_domain" name="test_bar_timestamp_utc" time="0.043" /><testcase classname="trading-platform.tests.unit.domain.test_domain" name="test_corporate_action_split" time="0.001" /><testcase classname="trading-platform.tests.unit.domain.test_domain" name="test_corporate_action_dividend" time="0.001" /><testcase classname="trading-platform.tests.unit.domain.test_domain" name="test_order_with_risk_decision" time="0.001" /><testcase classname="trading-platform.tests.unit.domain.test_domain" name="test_broker_snapshot_fields" time="0.002" /><testcase classname="trading-platform.tests.unit.domain.test_domain" name="test_reconciliation_result" time="0.002" /><testcase classname="trading-platform.tests.unit.domain.test_domain" name="test_journal_event_required_fields" time="0.001" /><testcase classname="trading-platform.tests.unit.simulator.test_simulator" name="test_simulator_basic_buy" time="0.002" /><testcase classname="trading-platform.tests.unit.simulator.test_simulator" name="test_simulator_sell_existing_position" time="0.002" /><testcase classname="trading-platform.tests.unit.simulator.test_simulator" name="test_simulator_partial_fill" time="0.008" /><testcase classname="trading-platform.tests.unit.simulator.test_simulator" name="test_simulator_insufficient_cash" time="0.001" /><testcase classname="trading-platform.tests.unit.simulator.test_simulator" name="test_simulator_deterministic_replay" time="0.002" /><testcase classname="trading-platform.tests.unit.simulator.test_simulator" name="test_simulation_result_metrics" time="0.010" /><testcase classname="trading-platform.tests.unit.test_migrations_and_imports" name="test_core_migration_has_append_only_and_idempotency_constraints" time="0.002" /><testcase classname="trading-platform.tests.unit.test_migrations_and_imports" name="test_backup_checksum_detects_tampering" time="0.020" /><testcase classname="trading-platform.tests.unit.test_migrations_and_imports" name="test_backup_encryption_authenticates_restore" time="0.052" /><testcase classname="trading-platform.tests.unit.test_migrations_and_imports" name="test_dependency_probe_fails_closed_on_exception" time="0.002" /><testcase classname="trading-platform.tests.unit.test_operational_depth" name="test_data_validation_and_ingestion" time="0.192" /><testcase classname="trading-platform.tests.unit.test_operational_depth" name="test_risk_limits_and_hard_controls" time="0.006" /><testcase classname="trading-platform.tests.unit.test_operational_depth" name="test_risk_policy_checkpoint_security_and_liquidation_gate" time="0.002" /><testcase classname="trading-platform.tests.unit.test_operational_depth" name="test_risk_rejection_paths_and_full_reconciliation_state" time="0.002" /><testcase classname="trading-platform.tests.unit.test_operational_depth" name="test_oms_lifecycle_fake_broker_and_oca" time="0.002" /><testcase classname="trading-platform.tests.unit.test_operational_depth" name="test_oms_negative_paths_replacement_timeout_and_price_modes" time="0.004" /><testcase classname="trading-platform.tests.unit.test_operational_depth" name="test_broker_boundaries_are_separate_and_fail_closed" time="0.002" /><testcase classname="trading-platform.tests.unit.test_operational_depth" name="test_reconciliation_scheduler_and_monitor" time="0.004" /><testcase classname="trading-platform.tests.unit.test_operational_depth" name="test_chaos_heartbeat_runbook_and_alert_channels" time="0.002" /><testcase classname="trading-platform.tests.unit.test_operational_depth" name="test_ml_candidate_and_strict_llm_boundary" time="0.003" /><testcase classname="trading-platform.tests.unit.test_operational_depth" name="test_strategy_metrics_and_walk_forward_split" time="0.003" /><testcase classname="trading-platform.tests.unit.test_operational_depth" name="test_baseline_report_and_walk_forward_execution" time="0.107" /><testcase classname="trading-platform.tests.unit.test_operational_depth" name="test_shadow_operator_never_creates_a_fill" time="0.002" /><testcase classname="trading-platform.tests.unit.test_safety_boundaries" name="test_live_authorization_is_permanently_disabled" time="0.003" /><testcase classname="trading-platform.tests.unit.test_safety_boundaries" name="test_reconciliation_mismatch_blocks_new_orders" time="0.001" /><testcase classname="trading-platform.tests.unit.test_safety_boundaries" name="test_shadow_records_without_submission_path" time="0.001" /><testcase classname="trading-platform.tests.unit.test_safety_boundaries" name="test_untrusted_feature_fails_closed[not-json]" time="0.002" /><testcase classname="trading-platform.tests.unit.test_safety_boundaries" name="test_untrusted_feature_fails_closed[{&quot;symbol&quot;:&quot;AAPL&quot;}]" time="0.002" /><testcase classname="trading-platform.tests.unit.test_safety_boundaries" name="test_untrusted_feature_fails_closed[{&quot;symbol&quot;:&quot;MSFT&quot;,&quot;sentiment&quot;:0,&quot;confidence&quot;:2,&quot;observed_at&quot;:&quot;x&quot;}]" time="0.002" /><testcase classname="trading-platform.tests.unit.test_safety_boundaries" name="test_feature_nan_and_injection_fail_closed[{&quot;symbol&quot;:&quot;AAPL&quot;,&quot;sentiment&quot;:NaN,&quot;confidence&quot;:0.5,&quot;observed_at&quot;:&quot;x&quot;}]" time="0.002" /><testcase classname="trading-platform.tests.unit.test_safety_boundaries" name="test_feature_nan_and_injection_fail_closed[{&quot;symbol&quot;:&quot;AAPL&quot;,&quot;sentiment&quot;:0,&quot;confidence&quot;:Infinity,&quot;observed_at&quot;:&quot;x&quot;}]" time="0.004" /><testcase classname="trading-platform.tests.unit.test_safety_boundaries" name="test_feature_nan_and_injection_fail_closed[{&quot;symbol&quot;:&quot;AAPL&quot;,&quot;sentiment&quot;:0,&quot;confidence&quot;:0.5,&quot;observed_at&quot;:&quot;ignore previous&quot;}]" time="0.002" /><testcase classname="trading-platform.tests.unit.test_safety_boundaries" name="test_default_config_cannot_authorize_live" time="0.002" /><testcase classname="trading-platform.tests.unit.test_simulator_safety" name="test_completed_close_signal_fills_only_at_next_open" time="0.002" /><testcase classname="trading-platform.tests.unit.test_simulator_safety" name="test_limit_and_stop_orders_require_bar_eligibility" time="0.002" /></testsuite></testsuites>